[2018-12-22 21:09:20.310] [sharedprocess] [info] main {"machineId":"28ae888c6526ecb5bf798f58bf9d59edb425800a8351a14e1c40b2473bff6aa4"}
[2018-12-22 21:09:20.475] [sharedprocess] [info] Scanned user extensions: 14
[2018-12-22 21:09:21.388] [sharedprocess] [info] Scanned system extensions: 71
[2018-12-22 21:09:22.311] [sharedprocess] [info] Scanned user extensions: 14
[2018-12-22 21:09:22.316] [sharedprocess] [info] Scanned user extensions: 14
[2018-12-22 21:09:22.463] [sharedprocess] [info] Scanned system extensions: 71
[2018-12-22 21:09:22.471] [sharedprocess] [info] Scanned system extensions: 71
[2018-12-22 21:09:24.368] [sharedprocess] [info] Scanned user extensions: 14
[2018-12-22 21:09:33.112] [sharedprocess] [info] Scanned user extensions: 14
[2018-12-22 21:09:33.131] [sharedprocess] [info] Scanned user extensions: 14
[2018-12-22 21:09:33.258] [sharedprocess] [info] Scanned system extensions: 71
[2018-12-22 21:09:33.268] [sharedprocess] [info] Scanned system extensions: 71
[2018-12-22 21:09:34.099] [sharedprocess] [info] Scanned user extensions: 14
[2018-12-22 21:10:00.316] [sharedprocess] [info] Starting to clean up unused language packs.
[2018-12-22 21:14:35.346] [sharedprocess] [info] Scanned user extensions: 14
[2018-12-22 21:19:36.510] [sharedprocess] [info] Scanned user extensions: 14
[2018-12-22 21:24:37.606] [sharedprocess] [info] Scanned user extensions: 14
[2018-12-22 21:29:37.642] [sharedprocess] [info] Scanned user extensions: 14
[2018-12-22 21:34:37.802] [sharedprocess] [info] Scanned user extensions: 14
[2018-12-22 21:37:36.758] [sharedprocess] [info] Scanned user extensions: 14
[2018-12-22 21:37:37.479] [sharedprocess] [info] Scanned user extensions: 14
[2018-12-22 21:37:37.482] [sharedprocess] [info] Scanned user extensions: 14
[2018-12-22 21:37:37.494] [sharedprocess] [info] Scanned user extensions: 14
[2018-12-22 21:37:38.317] [sharedprocess] [info] Scanned system extensions: 71
[2018-12-22 21:37:38.322] [sharedprocess] [info] Scanned system extensions: 71
[2018-12-22 21:37:38.326] [sharedprocess] [info] Scanned system extensions: 71
[2018-12-22 21:37:50.271] [sharedprocess] [info] Scanned user extensions: 14
[2018-12-22 21:37:50.279] [sharedprocess] [info] Scanned user extensions: 14
[2018-12-22 21:37:50.288] [sharedprocess] [info] Scanned user extensions: 14
[2018-12-22 21:37:50.360] [sharedprocess] [info] Scanned system extensions: 71
[2018-12-22 21:37:50.364] [sharedprocess] [info] Scanned system extensions: 71
[2018-12-22 21:37:50.369] [sharedprocess] [info] Scanned system extensions: 71
[2018-12-22 21:37:55.141] [sharedprocess] [info] Installing extension: dotenv
[2018-12-22 21:37:55.154] [sharedprocess] [info] Scanned user extensions: 14
[2018-12-22 21:37:55.704] [sharedprocess] [info] Downloaded extension: dotenv /tmp/2e7b4540-c30b-439d-bcb1-84601ab0caf5
[2018-12-22 21:37:55.753] [sharedprocess] [info] Extracted extension to /home/tung2389/.vscode/extensions/.mikestead.dotenv-1.0.1: mikestead.dotenv-1.0.1
[2018-12-22 21:37:55.754] [sharedprocess] [info] Renamed to /home/tung2389/.vscode/extensions/mikestead.dotenv-1.0.1
[2018-12-22 21:37:55.754] [sharedprocess] [info] Installation completed. mikestead.dotenv-1.0.1
[2018-12-22 21:37:55.804] [sharedprocess] [info] Extensions installed successfully: mikestead.dotenv
[2018-12-22 21:37:55.946] [sharedprocess] [info] Scanned user extensions: 15
[2018-12-22 21:37:55.971] [sharedprocess] [info] Scanned system extensions: 71
[2018-12-22 21:38:00.730] [sharedprocess] [info] Scanned user extensions: 15
[2018-12-22 21:38:00.738] [sharedprocess] [info] Scanned user extensions: 15
[2018-12-22 21:38:00.741] [sharedprocess] [info] Scanned user extensions: 15
[2018-12-22 21:38:00.760] [sharedprocess] [info] Scanned user extensions: 15
[2018-12-22 21:38:00.764] [sharedprocess] [info] Scanned user extensions: 15
[2018-12-22 21:38:00.914] [sharedprocess] [info] Scanned system extensions: 71
[2018-12-22 21:38:00.921] [sharedprocess] [info] Scanned system extensions: 71
[2018-12-22 21:38:00.928] [sharedprocess] [info] Scanned system extensions: 71
[2018-12-22 21:38:00.934] [sharedprocess] [info] Scanned system extensions: 71
[2018-12-22 21:38:01.519] [sharedprocess] [info] Scanned user extensions: 15
[2018-12-22 21:43:02.146] [sharedprocess] [info] Scanned user extensions: 15
[2018-12-22 21:48:02.192] [sharedprocess] [info] Scanned user extensions: 15
[2018-12-22 21:53:02.223] [sharedprocess] [info] Scanned user extensions: 15
[2018-12-22 21:58:02.250] [sharedprocess] [info] Scanned user extensions: 15
